
transformix is started at Sat Nov 20 22:36:22 2021.

which transformix:   transformix
transformix runs at: LAPTOP-UM5DLE49
  Windows  Personal (x64),  (Build 9200)
  with 16166 MB memory, and 6 cores @ 2592 MHz.
Running transformix with parameter file ".\..\results\training_results\registered_images\17\TransformParameters.1.txt".

Reading the elastix parameters from file ...

Installing all components.
InstallingComponents was successful.

ELASTIX version: 5.0.1
Command line options from ElastixBase:
-in       .\..\data\training-set\training-labels\1017_3C.nii.gz
-out      .\..\results\training_results\transformed_labels\17\
-threads  unspecified, so all available threads are used
-tp       .\..\results\training_results\registered_images\17\TransformParameters.1.txt
-def      unspecified, so no input points transformed
-jac      unspecified, so no det(dT/dx) computed
-jacmat   unspecified, so no dT/dx computed

=============== start of ParameterFile: .\..\results\training_results\registered_images\17\TransformParameters.1.txt ===============
(Transform "AffineTransform")
(NumberOfParameters 12)
(TransformParameters 1.000147 -0.000471 0.001784 0.000203 1.000595 -0.000269 -0.003190 -0.001430 1.000275 0.095434 -0.017541 -0.056214)
(InitialTransformParametersFileName ".\..\results\training_results\registered_images\17\TransformParameters.0.txt")
(UseBinaryFormatForTransformationParameters "false")
(HowToCombineTransforms "Compose")

// Image specific
(FixedImageDimension 3)
(MovingImageDimension 3)
(FixedInternalImagePixelType "float")
(MovingInternalImagePixelType "float")
(Size 256 287 256)
(Index 0 0 0)
(Spacing 1.0000000000 1.0000000000 1.0000000000)
(Origin -127.5000000000 127.5000000000 -143.0000000000)
(Direction 1.0000000000 0.0000000000 0.0000000000 0.0000000000 -1.0000000000 0.0000000000 0.0000000000 0.0000000000 1.0000000000)
(UseDirectionCosines "true")

// AdvancedAffineTransform specific
(CenterOfRotationPoint 11.3419690812 -8.6947571547 6.5433942711)

// ResampleInterpolator specific
(ResampleInterpolator "FinalBSplineInterpolator")
(FinalBSplineInterpolationOrder 3)

// Resampler specific
(Resampler "DefaultResampler")
(DefaultPixelValue 0.000000)
(ResultImageFormat "mhd")
(ResultImagePixelType "short")
(CompressResultImage "false")


=============== end of ParameterFile: .\..\results\training_results\registered_images\17\TransformParameters.1.txt ===============


Reading input image ...
  Reading input image took 0.170665 s
Calling all ReadFromFile()'s ...
Reading the elastix parameters from file ...

  Calling all ReadFromFile()'s took 0.033744 s
Transforming points ...
  The command-line option "-def" is not used, so no points are transformed
  Transforming points done, it took 0.00s
Compute determinant of spatial Jacobian ...
  The command-line option "-jac" is not used, so no det(dT/dx) computed.
  Computing determinant of spatial Jacobian done, it took 0.00s
Compute spatial Jacobian (full matrix) ...
  The command-line option "-jacmat" is not used, so no dT/dx computed.
  Computing spatial Jacobian done, it took 0.00s
Resampling image and writing to disk ...
  Resampling took 8.97s

transformix has finished at Sat Nov 20 22:36:31 2021.
Total time elapsed: 9.3s.

