
transformix is started at Sat Nov 20 22:35:52 2021.

which transformix:   transformix
transformix runs at: LAPTOP-UM5DLE49
  Windows  Personal (x64),  (Build 9200)
  with 16166 MB memory, and 6 cores @ 2591 MHz.
Running transformix with parameter file ".\..\results\training_results\registered_images\13\TransformParameters.1.txt".

Reading the elastix parameters from file ...

Installing all components.
InstallingComponents was successful.

ELASTIX version: 5.0.1
Command line options from ElastixBase:
-in       .\..\data\training-set\training-labels\1013_3C.nii.gz
-out      .\..\results\training_results\transformed_labels\13\
-threads  unspecified, so all available threads are used
-tp       .\..\results\training_results\registered_images\13\TransformParameters.1.txt
-def      unspecified, so no input points transformed
-jac      unspecified, so no det(dT/dx) computed
-jacmat   unspecified, so no dT/dx computed

=============== start of ParameterFile: .\..\results\training_results\registered_images\13\TransformParameters.1.txt ===============
(Transform "AffineTransform")
(NumberOfParameters 12)
(TransformParameters 1.001318 0.001094 -0.000797 -0.003948 0.999305 0.001601 -0.000162 -0.002113 1.000976 0.055195 -0.124971 -0.010409)
(InitialTransformParametersFileName ".\..\results\training_results\registered_images\13\TransformParameters.0.txt")
(UseBinaryFormatForTransformationParameters "false")
(HowToCombineTransforms "Compose")

// Image specific
(FixedImageDimension 3)
(MovingImageDimension 3)
(FixedInternalImagePixelType "float")
(MovingInternalImagePixelType "float")
(Size 256 287 256)
(Index 0 0 0)
(Spacing 1.0000000000 1.0000000000 1.0000000000)
(Origin -127.5000000000 127.5000000000 -143.0000000000)
(Direction 1.0000000000 0.0000000000 0.0000000000 0.0000000000 -1.0000000000 0.0000000000 0.0000000000 0.0000000000 1.0000000000)
(UseDirectionCosines "true")

// AdvancedAffineTransform specific
(CenterOfRotationPoint -6.2496891704 -21.6777920720 -29.1053937718)

// ResampleInterpolator specific
(ResampleInterpolator "FinalBSplineInterpolator")
(FinalBSplineInterpolationOrder 3)

// Resampler specific
(Resampler "DefaultResampler")
(DefaultPixelValue 0.000000)
(ResultImageFormat "mhd")
(ResultImagePixelType "short")
(CompressResultImage "false")


=============== end of ParameterFile: .\..\results\training_results\registered_images\13\TransformParameters.1.txt ===============


Reading input image ...
  Reading input image took 0.202810 s
Calling all ReadFromFile()'s ...
Reading the elastix parameters from file ...

  Calling all ReadFromFile()'s took 0.029676 s
Transforming points ...
  The command-line option "-def" is not used, so no points are transformed
  Transforming points done, it took 0.00s
Compute determinant of spatial Jacobian ...
  The command-line option "-jac" is not used, so no det(dT/dx) computed.
  Computing determinant of spatial Jacobian done, it took 0.00s
Compute spatial Jacobian (full matrix) ...
  The command-line option "-jacmat" is not used, so no dT/dx computed.
  Computing spatial Jacobian done, it took 0.00s
Resampling image and writing to disk ...
  Resampling took 9.25s

transformix has finished at Sat Nov 20 22:36:02 2021.
Total time elapsed: 9.6s.

